[INFO ] 2013-01-30 20:25:00.800 [main][] cn.vanchee.service.OutDetailService@(OutDetailService.java:35):start init out detail data
 [INFO ] 2013-01-30 20:25:12.192 [main][] cn.vanchee.util.DataUtil@(DataUtil.java:72):read file:OutDetail.bin use time:10859,data size:54000
 [INFO ] 2013-01-30 20:25:14.550 [main][] cn.vanchee.service.OutDetailService@(OutDetailService.java:38):end init out detail data, use time:13233ms,data size:54000
 [INFO ] 2013-01-30 20:25:20.100 [main][] cn.vanchee.service.OutDetailService@(OutDetailService.java:44):start analyze out detail data
 [INFO ] 2013-01-30 20:25:33.364 [main][] cn.vanchee.service.OutDetailService@(OutDetailService.java:59):end analyze out detail data, use time:13675ms,data size:10
 [INFO ] 2013-01-30 20:26:37.754 [main][] cn.vanchee.service.OutDetailService@(OutDetailService.java:35):start init out detail data
 [INFO ] 2013-01-30 20:26:40.559 [main][] cn.vanchee.util.DataUtil@(DataUtil.java:72):read file:OutDetail.bin use time:2791,data size:54000
 [INFO ] 2013-01-30 20:26:40.560 [main][] cn.vanchee.service.OutDetailService@(OutDetailService.java:38):end init out detail data, use time:2809ms,data size:54000
 [INFO ] 2013-01-30 20:26:42.060 [main][] cn.vanchee.service.OutDetailService@(OutDetailService.java:44):start analyze out detail data
 [INFO ] 2013-01-30 20:26:42.661 [main][] cn.vanchee.service.OutDetailService@(OutDetailService.java:59):end analyze out detail data, use time:601ms,data size:10
 [INFO ] 2013-01-30 20:26:51.252 [main][] cn.vanchee.service.OutDetailService@(OutDetailService.java:35):start init out detail data
 [INFO ] 2013-01-30 20:26:53.954 [main][] cn.vanchee.util.DataUtil@(DataUtil.java:72):read file:OutDetail.bin use time:2701,data size:54000
 [INFO ] 2013-01-30 20:26:53.955 [main][] cn.vanchee.service.OutDetailService@(OutDetailService.java:38):end init out detail data, use time:2703ms,data size:54000
 [INFO ] 2013-01-30 20:31:49.608 [main][] cn.vanchee.service.OutDetailService@(OutDetailService.java:35):start init out detail data
 [INFO ] 2013-01-30 20:31:52.393 [main][] cn.vanchee.util.DataUtil@(DataUtil.java:72):read file:OutDetail.bin use time:2777,data size:54000
 [INFO ] 2013-01-30 20:31:52.394 [main][] cn.vanchee.service.OutDetailService@(OutDetailService.java:38):end init out detail data, use time:2787ms,data size:54000
 [INFO ] 2013-01-30 20:31:58.896 [main][] cn.vanchee.service.OutDetailService@(OutDetailService.java:44):start analyze out detail data
 [INFO ] 2013-01-30 20:32:00.126 [main][] cn.vanchee.service.OutDetailService@(OutDetailService.java:59):end analyze out detail data, use time:1230ms,data size:10
 [INFO ] 2013-01-30 20:32:48.820 [main][] cn.vanchee.service.OutDetailService@(OutDetailService.java:35):start init out detail data
 [INFO ] 2013-01-30 20:32:51.685 [main][] cn.vanchee.util.DataUtil@(DataUtil.java:72):read file:OutDetail.bin use time:2829,data size:54000
 [INFO ] 2013-01-30 20:32:51.686 [main][] cn.vanchee.service.OutDetailService@(OutDetailService.java:38):end init out detail data, use time:2867ms,data size:54000
 [INFO ] 2013-01-30 20:32:51.686 [main][] cn.vanchee.service.OutDetailService@(OutDetailService.java:44):start analyze out detail data
 [INFO ] 2013-01-30 20:32:51.712 [main][] cn.vanchee.service.OutDetailService@(OutDetailService.java:59):end analyze out detail data, use time:25ms,data size:10
 [INFO ] 2013-01-30 20:54:56.203 [main][] cn.vanchee.util.DataUtil@(DataUtil.java:45):write file:OutDetail.bin use time:365,data size:9000
 [INFO ] 2013-01-30 20:58:17.878 [main][] cn.vanchee.service.OutDetailService@(OutDetailService.java:39):start init out detail data
 [INFO ] 2013-01-30 20:58:18.343 [main][] cn.vanchee.util.DataUtil@(DataUtil.java:72):read file:OutDetail.bin use time:462,data size:9000
 [INFO ] 2013-01-30 20:58:18.344 [main][] cn.vanchee.service.OutDetailService@(OutDetailService.java:43):end init out detail data, use time:467ms,data size:9000
 [INFO ] 2013-01-30 20:58:18.344 [main][] cn.vanchee.service.OutDetailService@(OutDetailService.java:49):start analyze out detail data
 [INFO ] 2013-01-30 20:58:18.352 [main][] cn.vanchee.service.OutDetailService@(OutDetailService.java:64):end analyze out detail data, use time:8ms,data size:10
 [INFO ] 2013-01-30 20:58:18.388 [main][] cn.vanchee.util.DataUtil@(DataUtil.java:45):write file:OutDetail.bin use time:2,data size:3
 [INFO ] 2013-01-30 20:58:38.666 [main][] cn.vanchee.service.OutDetailService@(OutDetailService.java:39):start init out detail data
 [INFO ] 2013-01-30 20:58:38.688 [main][] cn.vanchee.util.DataUtil@(DataUtil.java:72):read file:OutDetail.bin use time:18,data size:3
 [INFO ] 2013-01-30 20:58:38.688 [main][] cn.vanchee.service.OutDetailService@(OutDetailService.java:43):end init out detail data, use time:23ms,data size:3
 [INFO ] 2013-01-30 20:58:46.000 [main][] cn.vanchee.service.OutDetailService@(OutDetailService.java:49):start analyze out detail data
 [INFO ] 2013-01-30 20:58:48.041 [main][] cn.vanchee.service.OutDetailService@(OutDetailService.java:64):end analyze out detail data, use time:2041ms,data size:1
 [INFO ] 2013-01-30 20:59:10.255 [main][] cn.vanchee.util.DataUtil@(DataUtil.java:45):write file:OutDetail.bin use time:9,data size:3
 [INFO ] 2013-01-30 20:59:27.761 [main][] cn.vanchee.service.OutDetailService@(OutDetailService.java:39):start init out detail data
 [INFO ] 2013-01-30 20:59:27.781 [main][] cn.vanchee.util.DataUtil@(DataUtil.java:72):read file:OutDetail.bin use time:16,data size:3
 [INFO ] 2013-01-30 20:59:27.782 [main][] cn.vanchee.service.OutDetailService@(OutDetailService.java:43):end init out detail data, use time:21ms,data size:3
 [INFO ] 2013-01-30 20:59:41.775 [main][] cn.vanchee.service.OutDetailService@(OutDetailService.java:49):start analyze out detail data
 [INFO ] 2013-01-30 20:59:41.777 [main][] cn.vanchee.service.OutDetailService@(OutDetailService.java:64):end analyze out detail data, use time:2ms,data size:1
 [INFO ] 2013-01-30 21:00:11.357 [main][] cn.vanchee.util.DataUtil@(DataUtil.java:45):write file:OutDetail.bin use time:9,data size:3
 [INFO ] 2013-01-30 21:00:14.238 [main][] cn.vanchee.service.OutDetailService@(OutDetailService.java:39):start init out detail data
 [INFO ] 2013-01-30 21:00:14.257 [main][] cn.vanchee.util.DataUtil@(DataUtil.java:72):read file:OutDetail.bin use time:15,data size:3
 [INFO ] 2013-01-30 21:00:14.258 [main][] cn.vanchee.service.OutDetailService@(OutDetailService.java:43):end init out detail data, use time:20ms,data size:3
 [INFO ] 2013-01-30 21:00:50.934 [main][] cn.vanchee.service.OutDetailService@(OutDetailService.java:49):start analyze out detail data
 [INFO ] 2013-01-30 21:00:50.937 [main][] cn.vanchee.service.OutDetailService@(OutDetailService.java:64):end analyze out detail data, use time:3ms,data size:1
 [INFO ] 2013-01-30 21:01:02.513 [main][] cn.vanchee.util.DataUtil@(DataUtil.java:45):write file:OutDetail.bin use time:20,data size:3
 [INFO ] 2013-01-30 21:01:10.930 [main][] cn.vanchee.service.OutDetailService@(OutDetailService.java:39):start init out detail data
 [INFO ] 2013-01-30 21:01:11.562 [main][] cn.vanchee.util.DataUtil@(DataUtil.java:72):read file:OutDetail.bin use time:33,data size:3
 [INFO ] 2013-01-30 21:01:15.371 [main][] cn.vanchee.service.OutDetailService@(OutDetailService.java:43):end init out detail data, use time:4800ms,data size:3
 [INFO ] 2013-01-30 21:01:16.632 [main][] cn.vanchee.service.OutDetailService@(OutDetailService.java:49):start analyze out detail data
 [INFO ] 2013-01-30 21:01:16.639 [main][] cn.vanchee.service.OutDetailService@(OutDetailService.java:64):end analyze out detail data, use time:7ms,data size:1
 [INFO ] 2013-01-30 21:01:17.128 [main][] cn.vanchee.util.DataUtil@(DataUtil.java:45):write file:OutDetail.bin use time:6,data size:3
 [INFO ] 2013-01-30 21:01:35.707 [main][] cn.vanchee.service.OutDetailService@(OutDetailService.java:39):start init out detail data
 [INFO ] 2013-01-30 21:01:36.976 [main][] cn.vanchee.util.DataUtil@(DataUtil.java:72):read file:OutDetail.bin use time:49,data size:3
 [INFO ] 2013-01-30 21:01:38.908 [main][] cn.vanchee.service.OutDetailService@(OutDetailService.java:43):end init out detail data, use time:4804ms,data size:3
 [INFO ] 2013-01-30 21:01:39.781 [main][] cn.vanchee.service.OutDetailService@(OutDetailService.java:49):start analyze out detail data
 [INFO ] 2013-01-30 21:01:39.784 [main][] cn.vanchee.service.OutDetailService@(OutDetailService.java:64):end analyze out detail data, use time:3ms,data size:1
 [INFO ] 2013-01-30 21:01:40.098 [main][] cn.vanchee.util.DataUtil@(DataUtil.java:45):write file:OutDetail.bin use time:6,data size:3
 [INFO ] 2013-01-30 21:01:51.652 [main][] cn.vanchee.util.DataUtil@(DataUtil.java:45):write file:OutDetail.bin use time:319,data size:9000
 [INFO ] 2013-01-30 21:01:59.761 [main][] cn.vanchee.util.DataUtil@(DataUtil.java:45):write file:OutDetail.bin use time:328,data size:9000
 [INFO ] 2013-01-30 21:02:09.785 [main][] cn.vanchee.service.OutDetailService@(OutDetailService.java:39):start init out detail data
 [INFO ] 2013-01-30 21:02:11.887 [main][] cn.vanchee.util.DataUtil@(DataUtil.java:72):read file:OutDetail.bin use time:1753,data size:9000
 [INFO ] 2013-01-30 21:02:13.771 [main][] cn.vanchee.service.OutDetailService@(OutDetailService.java:43):end init out detail data, use time:3911ms,data size:9000
 [INFO ] 2013-01-30 21:02:17.988 [main][] cn.vanchee.service.OutDetailService@(OutDetailService.java:49):start analyze out detail data
 [INFO ] 2013-01-30 21:02:18.096 [main][] cn.vanchee.service.OutDetailService@(OutDetailService.java:64):end analyze out detail data, use time:109ms,data size:10
 [INFO ] 2013-01-30 21:02:31.516 [main][] cn.vanchee.util.DataUtil@(DataUtil.java:45):write file:OutDetail.bin use time:6,data size:5
 [INFO ] 2013-01-30 21:02:54.503 [main][] cn.vanchee.service.OutDetailService@(OutDetailService.java:39):start init out detail data
 [INFO ] 2013-01-30 21:02:55.116 [main][] cn.vanchee.util.DataUtil@(DataUtil.java:72):read file:OutDetail.bin use time:47,data size:5
 [INFO ] 2013-01-30 21:03:01.017 [main][] cn.vanchee.service.OutDetailService@(OutDetailService.java:43):end init out detail data, use time:6915ms,data size:5
 [INFO ] 2013-01-30 21:03:04.005 [main][] cn.vanchee.service.OutDetailService@(OutDetailService.java:49):start analyze out detail data
 [INFO ] 2013-01-30 21:03:04.011 [main][] cn.vanchee.service.OutDetailService@(OutDetailService.java:64):end analyze out detail data, use time:6ms,data size:1
 [INFO ] 2013-01-30 21:03:22.666 [main][] cn.vanchee.util.DataUtil@(DataUtil.java:45):write file:OutDetail.bin use time:4,data size:5
 [INFO ] 2013-01-30 21:03:51.296 [main][] cn.vanchee.util.DataUtil@(DataUtil.java:45):write file:OutDetail.bin use time:321,data size:9000
 [INFO ] 2013-01-30 21:03:55.166 [main][] cn.vanchee.service.OutDetailService@(OutDetailService.java:39):start init out detail data
 [INFO ] 2013-01-30 21:03:55.658 [main][] cn.vanchee.util.DataUtil@(DataUtil.java:72):read file:OutDetail.bin use time:481,data size:9000
 [INFO ] 2013-01-30 21:03:55.658 [main][] cn.vanchee.service.OutDetailService@(OutDetailService.java:43):end init out detail data, use time:494ms,data size:9000
 [INFO ] 2013-01-30 21:03:57.103 [main][] cn.vanchee.service.OutDetailService@(OutDetailService.java:49):start analyze out detail data
 [INFO ] 2013-01-30 21:03:57.115 [main][] cn.vanchee.service.OutDetailService@(OutDetailService.java:64):end analyze out detail data, use time:12ms,data size:10
 [INFO ] 2013-01-30 21:04:11.191 [main][] cn.vanchee.util.DataUtil@(DataUtil.java:45):write file:OutDetail.bin use time:9,data size:4
 [INFO ] 2013-01-30 21:05:19.676 [main][] cn.vanchee.util.DataUtil@(DataUtil.java:45):write file:OutDetail.bin use time:318,data size:9000
 [INFO ] 2013-01-30 21:05:22.497 [main][] cn.vanchee.service.OutDetailService@(OutDetailService.java:39):start init out detail data
 [INFO ] 2013-01-30 21:05:22.992 [main][] cn.vanchee.util.DataUtil@(DataUtil.java:72):read file:OutDetail.bin use time:483,data size:9000
 [INFO ] 2013-01-30 21:05:22.992 [main][] cn.vanchee.service.OutDetailService@(OutDetailService.java:43):end init out detail data, use time:499ms,data size:9000
 [INFO ] 2013-01-30 21:05:23.431 [main][] cn.vanchee.service.OutDetailService@(OutDetailService.java:49):start analyze out detail data
 [INFO ] 2013-01-30 21:05:23.454 [main][] cn.vanchee.service.OutDetailService@(OutDetailService.java:64):end analyze out detail data, use time:23ms,data size:10
 [INFO ] 2013-01-30 21:05:57.772 [main][] cn.vanchee.util.DataUtil@(DataUtil.java:45):write file:OutDetail.bin use time:1644,data size:9001
 [INFO ] 2013-01-30 21:09:35.614 [main][] cn.vanchee.service.OutDetailService@(OutDetailService.java:39):start init out detail data
 [INFO ] 2013-01-30 21:09:36.082 [main][] cn.vanchee.util.DataUtil@(DataUtil.java:72):read file:OutDetail.bin use time:464,data size:9001
 [INFO ] 2013-01-30 21:09:36.083 [main][] cn.vanchee.service.OutDetailService@(OutDetailService.java:43):end init out detail data, use time:469ms,data size:9001
 [INFO ] 2013-01-30 21:09:36.083 [main][] cn.vanchee.service.OutDetailService@(OutDetailService.java:49):start analyze out detail data
 [INFO ] 2013-01-30 21:09:36.091 [main][] cn.vanchee.service.OutDetailService@(OutDetailService.java:64):end analyze out detail data, use time:8ms,data size:10
 [INFO ] 2013-01-30 21:09:36.444 [main][] cn.vanchee.util.DataUtil@(DataUtil.java:45):write file:OutDetail.bin use time:288,data size:9002
 [INFO ] 2013-01-30 21:09:36.735 [main][] cn.vanchee.util.DataUtil@(DataUtil.java:45):write file:OutDetail.bin use time:290,data size:9001
 [INFO ] 2013-01-30 21:10:11.988 [main][] cn.vanchee.service.OutDetailService@(OutDetailService.java:39):start init out detail data
 [INFO ] 2013-01-30 21:10:12.447 [main][] cn.vanchee.util.DataUtil@(DataUtil.java:72):read file:OutDetail.bin use time:456,data size:9001
 [INFO ] 2013-01-30 21:10:12.448 [main][] cn.vanchee.service.OutDetailService@(OutDetailService.java:43):end init out detail data, use time:461ms,data size:9001
 [INFO ] 2013-01-30 21:10:12.448 [main][] cn.vanchee.service.OutDetailService@(OutDetailService.java:49):start analyze out detail data
 [INFO ] 2013-01-30 21:10:12.456 [main][] cn.vanchee.service.OutDetailService@(OutDetailService.java:64):end analyze out detail data, use time:8ms,data size:10
 [INFO ] 2013-01-30 21:10:12.808 [main][] cn.vanchee.util.DataUtil@(DataUtil.java:45):write file:OutDetail.bin use time:288,data size:9002
 [INFO ] 2013-01-30 21:10:13.096 [main][] cn.vanchee.util.DataUtil@(DataUtil.java:45):write file:OutDetail.bin use time:286,data size:9001
 [INFO ] 2013-01-30 21:10:28.498 [main][] cn.vanchee.service.OutDetailService@(OutDetailService.java:39):start init out detail data
 [INFO ] 2013-01-30 21:10:28.982 [main][] cn.vanchee.util.DataUtil@(DataUtil.java:72):read file:OutDetail.bin use time:477,data size:9001
 [INFO ] 2013-01-30 21:10:28.982 [main][] cn.vanchee.service.OutDetailService@(OutDetailService.java:43):end init out detail data, use time:485ms,data size:9001
 [INFO ] 2013-01-30 21:10:31.003 [main][] cn.vanchee.service.OutDetailService@(OutDetailService.java:49):start analyze out detail data
 [INFO ] 2013-01-30 21:10:31.019 [main][] cn.vanchee.service.OutDetailService@(OutDetailService.java:64):end analyze out detail data, use time:15ms,data size:10
 [INFO ] 2013-01-30 21:10:35.404 [main][] cn.vanchee.util.DataUtil@(DataUtil.java:45):write file:OutDetail.bin use time:314,data size:9002
 [INFO ] 2013-01-30 21:10:48.879 [main][] cn.vanchee.service.OutDetailService@(OutDetailService.java:39):start init out detail data
 [INFO ] 2013-01-30 21:10:49.350 [main][] cn.vanchee.util.DataUtil@(DataUtil.java:72):read file:OutDetail.bin use time:467,data size:9002
 [INFO ] 2013-01-30 21:10:49.351 [main][] cn.vanchee.service.OutDetailService@(OutDetailService.java:43):end init out detail data, use time:473ms,data size:9002
 [INFO ] 2013-01-30 21:10:49.351 [main][] cn.vanchee.service.OutDetailService@(OutDetailService.java:49):start analyze out detail data
 [INFO ] 2013-01-30 21:10:49.360 [main][] cn.vanchee.service.OutDetailService@(OutDetailService.java:64):end analyze out detail data, use time:9ms,data size:10
 [INFO ] 2013-01-30 21:10:51.099 [main][] cn.vanchee.util.DataUtil@(DataUtil.java:45):write file:OutDetail.bin use time:335,data size:9003
 [INFO ] 2013-01-30 21:11:07.819 [main][] cn.vanchee.util.DataUtil@(DataUtil.java:45):write file:OutDetail.bin use time:315,data size:9000
 [INFO ] 2013-01-30 21:11:11.073 [main][] cn.vanchee.service.OutDetailService@(OutDetailService.java:39):start init out detail data
 [INFO ] 2013-01-30 21:11:11.538 [main][] cn.vanchee.util.DataUtil@(DataUtil.java:72):read file:OutDetail.bin use time:462,data size:9000
 [INFO ] 2013-01-30 21:11:11.538 [main][] cn.vanchee.service.OutDetailService@(OutDetailService.java:43):end init out detail data, use time:466ms,data size:9000
 [INFO ] 2013-01-30 21:11:11.539 [main][] cn.vanchee.service.OutDetailService@(OutDetailService.java:49):start analyze out detail data
 [INFO ] 2013-01-30 21:11:11.548 [main][] cn.vanchee.service.OutDetailService@(OutDetailService.java:64):end analyze out detail data, use time:9ms,data size:10
 [INFO ] 2013-01-30 21:11:12.565 [main][] cn.vanchee.util.DataUtil@(DataUtil.java:45):write file:OutDetail.bin use time:307,data size:9001
 [INFO ] 2013-01-30 21:11:25.551 [main][] cn.vanchee.util.DataUtil@(DataUtil.java:45):write file:OutDetail.bin use time:312,data size:9000
 [INFO ] 2013-01-30 21:11:42.947 [main][] cn.vanchee.util.DataUtil@(DataUtil.java:45):write file:OutDetail.bin use time:319,data size:9000
 [INFO ] 2013-01-30 21:11:48.367 [main][] cn.vanchee.service.OutDetailService@(OutDetailService.java:39):start init out detail data
 [INFO ] 2013-01-30 21:11:48.836 [main][] cn.vanchee.util.DataUtil@(DataUtil.java:72):read file:OutDetail.bin use time:465,data size:9000
 [INFO ] 2013-01-30 21:11:48.836 [main][] cn.vanchee.service.OutDetailService@(OutDetailService.java:43):end init out detail data, use time:469ms,data size:9000
 [INFO ] 2013-01-30 21:11:48.837 [main][] cn.vanchee.service.OutDetailService@(OutDetailService.java:49):start analyze out detail data
 [INFO ] 2013-01-30 21:11:48.846 [main][] cn.vanchee.service.OutDetailService@(OutDetailService.java:64):end analyze out detail data, use time:9ms,data size:10
 [INFO ] 2013-01-30 21:11:50.698 [main][] cn.vanchee.util.DataUtil@(DataUtil.java:45):write file:OutDetail.bin use time:315,data size:9001
 [INFO ] 2013-01-30 21:12:25.260 [main][] cn.vanchee.util.DataUtil@(DataUtil.java:45):write file:OutDetail.bin use time:7565,data size:9000
 [INFO ] 2013-01-30 21:13:04.159 [main][] cn.vanchee.util.DataUtil@(DataUtil.java:45):write file:OutDetail.bin use time:316,data size:9000
 [INFO ] 2013-01-30 21:13:06.374 [main][] cn.vanchee.service.OutDetailService@(OutDetailService.java:39):start init out detail data
 [INFO ] 2013-01-30 21:13:06.846 [main][] cn.vanchee.util.DataUtil@(DataUtil.java:72):read file:OutDetail.bin use time:466,data size:9000
 [INFO ] 2013-01-30 21:13:06.846 [main][] cn.vanchee.service.OutDetailService@(OutDetailService.java:43):end init out detail data, use time:472ms,data size:9000
 [INFO ] 2013-01-30 21:13:06.847 [main][] cn.vanchee.service.OutDetailService@(OutDetailService.java:49):start analyze out detail data
 [INFO ] 2013-01-30 21:13:06.856 [main][] cn.vanchee.service.OutDetailService@(OutDetailService.java:64):end analyze out detail data, use time:9ms,data size:10
 [INFO ] 2013-01-30 21:13:09.247 [main][] cn.vanchee.util.DataUtil@(DataUtil.java:45):write file:OutDetail.bin use time:331,data size:9001
 [INFO ] 2013-01-30 21:13:14.263 [main][] cn.vanchee.util.DataUtil@(DataUtil.java:45):write file:OutDetail.bin use time:319,data size:9000
 [INFO ] 2013-01-30 21:13:43.250 [main][] cn.vanchee.util.DataUtil@(DataUtil.java:45):write file:OutDetail.bin use time:312,data size:9000
 [INFO ] 2013-01-30 21:13:45.627 [main][] cn.vanchee.service.OutDetailService@(OutDetailService.java:39):start init out detail data
 [INFO ] 2013-01-30 21:13:46.094 [main][] cn.vanchee.util.DataUtil@(DataUtil.java:72):read file:OutDetail.bin use time:461,data size:9000
 [INFO ] 2013-01-30 21:13:46.095 [main][] cn.vanchee.service.OutDetailService@(OutDetailService.java:43):end init out detail data, use time:468ms,data size:9000
 [INFO ] 2013-01-30 21:13:46.096 [main][] cn.vanchee.service.OutDetailService@(OutDetailService.java:49):start analyze out detail data
 [INFO ] 2013-01-30 21:13:46.105 [main][] cn.vanchee.service.OutDetailService@(OutDetailService.java:64):end analyze out detail data, use time:9ms,data size:10
 [INFO ] 2013-01-30 21:13:49.042 [main][] cn.vanchee.util.DataUtil@(DataUtil.java:45):write file:OutDetail.bin use time:330,data size:9001
 [INFO ] 2013-01-30 21:13:53.895 [main][] cn.vanchee.util.DataUtil@(DataUtil.java:45):write file:OutDetail.bin use time:306,data size:9000
 [INFO ] 2013-01-30 21:14:22.630 [main][] cn.vanchee.util.DataUtil@(DataUtil.java:45):write file:OutDetail.bin use time:315,data size:9000
 [INFO ] 2013-01-30 21:14:24.049 [main][] cn.vanchee.service.OutDetailService@(OutDetailService.java:39):start init out detail data
 [INFO ] 2013-01-30 21:14:24.523 [main][] cn.vanchee.util.DataUtil@(DataUtil.java:72):read file:OutDetail.bin use time:469,data size:9000
 [INFO ] 2013-01-30 21:14:24.523 [main][] cn.vanchee.service.OutDetailService@(OutDetailService.java:43):end init out detail data, use time:475ms,data size:9000
 [INFO ] 2013-01-30 21:14:24.523 [main][] cn.vanchee.service.OutDetailService@(OutDetailService.java:49):start analyze out detail data
 [INFO ] 2013-01-30 21:14:24.533 [main][] cn.vanchee.service.OutDetailService@(OutDetailService.java:64):end analyze out detail data, use time:10ms,data size:10
 [INFO ] 2013-01-30 21:14:24.890 [main][] cn.vanchee.util.DataUtil@(DataUtil.java:45):write file:OutDetail.bin use time:293,data size:9001
 [INFO ] 2013-01-30 21:14:25.694 [main][] cn.vanchee.util.DataUtil@(DataUtil.java:45):write file:OutDetail.bin use time:303,data size:9000
 [INFO ] 2013-01-30 21:14:36.087 [main][] cn.vanchee.util.DataUtil@(DataUtil.java:45):write file:OutDetail.bin use time:286,data size:9000
 [INFO ] 2013-01-30 21:16:02.189 [main][] cn.vanchee.util.DataUtil@(DataUtil.java:45):write file:OutDetail.bin use time:1748,data size:54000
 [INFO ] 2013-01-30 21:17:41.600 [main][] cn.vanchee.service.OutDetailService@(OutDetailService.java:39):start init out detail data
 [INFO ] 2013-01-30 21:17:44.324 [main][] cn.vanchee.util.DataUtil@(DataUtil.java:72):read file:OutDetail.bin use time:2721,data size:54000
 [INFO ] 2013-01-30 21:17:44.325 [main][] cn.vanchee.service.OutDetailService@(OutDetailService.java:43):end init out detail data, use time:2725ms,data size:54000
 [INFO ] 2013-01-30 21:17:44.325 [main][] cn.vanchee.service.OutDetailService@(OutDetailService.java:49):start analyze out detail data
 [INFO ] 2013-01-30 21:17:44.352 [main][] cn.vanchee.service.OutDetailService@(OutDetailService.java:64):end analyze out detail data, use time:27ms,data size:10
 [INFO ] 2013-01-30 21:17:46.306 [main][] cn.vanchee.service.OutDetailService@(OutDetailService.java:72):start create out detail data
 [INFO ] 2013-01-30 21:17:48.006 [main][] cn.vanchee.util.DataUtil@(DataUtil.java:45):write file:OutDetail.bin use time:1699,data size:54001
 [INFO ] 2013-01-30 21:17:48.007 [main][] cn.vanchee.service.OutDetailService@(OutDetailService.java:78):end create out detail data, use time:1701ms
 [INFO ] 2013-01-30 21:17:48.007 [main][] cn.vanchee.service.OutDetailService@(OutDetailService.java:84):start delete out detail data
 [INFO ] 2013-01-30 21:17:49.742 [main][] cn.vanchee.util.DataUtil@(DataUtil.java:45):write file:OutDetail.bin use time:1734,data size:54000
 [INFO ] 2013-01-30 21:17:49.743 [main][] cn.vanchee.service.OutDetailService@(OutDetailService.java:98):end delete out detail data, use time:1736ms
 [INFO ] 2013-01-30 21:17:49.743 [main][] cn.vanchee.service.OutDetailService@(OutDetailService.java:104):start update out detail data
 [INFO ] 2013-01-30 21:17:51.406 [main][] cn.vanchee.util.DataUtil@(DataUtil.java:45):write file:OutDetail.bin use time:1661,data size:54000
 [INFO ] 2013-01-30 21:17:51.407 [main][] cn.vanchee.service.OutDetailService@(OutDetailService.java:121):end update out detail data, use time:1664ms
 [INFO ] 2013-01-30 21:18:46.540 [main][] cn.vanchee.util.DataUtil@(DataUtil.java:45):write file:OutDetail.bin use time:877,data size:27000
 [INFO ] 2013-01-30 21:18:47.404 [main][] cn.vanchee.service.OutDetailService@(OutDetailService.java:39):start init out detail data
 [INFO ] 2013-01-30 21:18:48.760 [main][] cn.vanchee.util.DataUtil@(DataUtil.java:72):read file:OutDetail.bin use time:1353,data size:27000
 [INFO ] 2013-01-30 21:18:48.761 [main][] cn.vanchee.service.OutDetailService@(OutDetailService.java:43):end init out detail data, use time:1358ms,data size:27000
 [INFO ] 2013-01-30 21:18:48.761 [main][] cn.vanchee.service.OutDetailService@(OutDetailService.java:49):start analyze out detail data
 [INFO ] 2013-01-30 21:18:48.782 [main][] cn.vanchee.service.OutDetailService@(OutDetailService.java:64):end analyze out detail data, use time:21ms,data size:10
 [INFO ] 2013-01-30 21:18:49.286 [main][] cn.vanchee.service.OutDetailService@(OutDetailService.java:72):start create out detail data
 [INFO ] 2013-01-30 21:18:50.189 [main][] cn.vanchee.util.DataUtil@(DataUtil.java:45):write file:OutDetail.bin use time:902,data size:27001
 [INFO ] 2013-01-30 21:18:50.189 [main][] cn.vanchee.service.OutDetailService@(OutDetailService.java:78):end create out detail data, use time:903ms
 [INFO ] 2013-01-30 21:18:50.190 [main][] cn.vanchee.service.OutDetailService@(OutDetailService.java:84):start delete out detail data
 [INFO ] 2013-01-30 21:18:51.009 [main][] cn.vanchee.util.DataUtil@(DataUtil.java:45):write file:OutDetail.bin use time:819,data size:27000
 [INFO ] 2013-01-30 21:18:51.009 [main][] cn.vanchee.service.OutDetailService@(OutDetailService.java:98):end delete out detail data, use time:819ms
 [INFO ] 2013-01-30 21:18:51.009 [main][] cn.vanchee.service.OutDetailService@(OutDetailService.java:104):start update out detail data
 [INFO ] 2013-01-30 21:18:54.296 [main][] cn.vanchee.util.DataUtil@(DataUtil.java:45):write file:OutDetail.bin use time:894,data size:27000
 [INFO ] 2013-01-30 21:18:54.297 [main][] cn.vanchee.service.OutDetailService@(OutDetailService.java:121):end update out detail data, use time:3288ms
 [INFO ] 2013-01-30 21:19:00.517 [main][] cn.vanchee.util.DataUtil@(DataUtil.java:45):write file:OutDetail.bin use time:868,data size:27000
 [INFO ] 2013-01-30 21:19:01.639 [main][] cn.vanchee.service.OutDetailService@(OutDetailService.java:39):start init out detail data
 [INFO ] 2013-01-30 21:19:03.002 [main][] cn.vanchee.util.DataUtil@(DataUtil.java:72):read file:OutDetail.bin use time:1360,data size:27000
 [INFO ] 2013-01-30 21:19:03.003 [main][] cn.vanchee.service.OutDetailService@(OutDetailService.java:43):end init out detail data, use time:1365ms,data size:27000
 [INFO ] 2013-01-30 21:19:03.003 [main][] cn.vanchee.service.OutDetailService@(OutDetailService.java:49):start analyze out detail data
 [INFO ] 2013-01-30 21:19:03.021 [main][] cn.vanchee.service.OutDetailService@(OutDetailService.java:64):end analyze out detail data, use time:18ms,data size:10
 [INFO ] 2013-01-30 21:19:03.522 [main][] cn.vanchee.service.OutDetailService@(OutDetailService.java:72):start create out detail data
 [INFO ] 2013-01-30 21:19:04.410 [main][] cn.vanchee.util.DataUtil@(DataUtil.java:45):write file:OutDetail.bin use time:888,data size:27001
 [INFO ] 2013-01-30 21:19:04.410 [main][] cn.vanchee.service.OutDetailService@(OutDetailService.java:78):end create out detail data, use time:888ms
 [INFO ] 2013-01-30 21:19:04.411 [main][] cn.vanchee.service.OutDetailService@(OutDetailService.java:84):start delete out detail data
 [INFO ] 2013-01-30 21:19:05.220 [main][] cn.vanchee.util.DataUtil@(DataUtil.java:45):write file:OutDetail.bin use time:809,data size:27000
 [INFO ] 2013-01-30 21:19:05.220 [main][] cn.vanchee.service.OutDetailService@(OutDetailService.java:98):end delete out detail data, use time:809ms
 [INFO ] 2013-01-30 21:19:05.221 [main][] cn.vanchee.service.OutDetailService@(OutDetailService.java:104):start update out detail data
 [INFO ] 2013-01-30 21:19:06.083 [main][] cn.vanchee.util.DataUtil@(DataUtil.java:45):write file:OutDetail.bin use time:861,data size:27000
 [INFO ] 2013-01-30 21:19:06.083 [main][] cn.vanchee.service.OutDetailService@(OutDetailService.java:121):end update out detail data, use time:863ms
 [ERROR] 2013-04-27 11:47:49.863 [AWT-EventQueue-0][] cn.vanchee.util.DataUtil@(DataUtil.java:63):read file error:F:\workspace\MyRepository.git\trunk\FruitJXC\data\User.bin (系统找不到指定的文件。)
 [INFO ] 2013-04-27 11:48:19.984 [main][] cn.vanchee.util.DataUtil@(DataUtil.java:50):write file:Owner.bin use time:33,data size:0
 [INFO ] 2013-04-27 11:48:19.989 [main][] cn.vanchee.util.DataUtil@(DataUtil.java:50):write file:Consumer.bin use time:1,data size:0
 [INFO ] 2013-04-27 11:48:19.992 [main][] cn.vanchee.util.DataUtil@(DataUtil.java:50):write file:Fruit.bin use time:1,data size:0
 [INFO ] 2013-04-27 11:48:20.033 [main][] cn.vanchee.util.DataUtil@(DataUtil.java:50):write file:User.bin use time:36,data size:1
 [INFO ] 2013-04-27 11:48:20.037 [main][] cn.vanchee.util.DataUtil@(DataUtil.java:50):write file:OutDetail.bin use time:1,data size:0
 [INFO ] 2013-04-27 11:48:20.040 [main][] cn.vanchee.util.DataUtil@(DataUtil.java:50):write file:InDetail.bin use time:1,data size:0
 [INFO ] 2013-04-27 11:48:20.043 [main][] cn.vanchee.util.DataUtil@(DataUtil.java:50):write file:MyPaidDetail.bin use time:2,data size:0
 [INFO ] 2013-04-27 11:48:20.045 [main][] cn.vanchee.util.DataUtil@(DataUtil.java:50):write file:PaidDetail.bin use time:1,data size:0
 [INFO ] 2013-04-27 11:48:20.047 [main][] cn.vanchee.util.DataUtil@(DataUtil.java:50):write file:OutDetailBackup.bin use time:1,data size:0
 [INFO ] 2013-04-27 11:48:20.048 [main][] cn.vanchee.util.DataUtil@(DataUtil.java:50):write file:Consumption.bin use time:1,data size:0
 [INFO ] 2013-04-27 12:03:40.345 [main][] cn.vanchee.util.DataUtil@(DataUtil.java:50):write file:Owner.bin use time:4,data size:0
 [INFO ] 2013-04-27 12:03:40.349 [main][] cn.vanchee.util.DataUtil@(DataUtil.java:50):write file:Consumer.bin use time:0,data size:0
 [INFO ] 2013-04-27 12:03:40.351 [main][] cn.vanchee.util.DataUtil@(DataUtil.java:50):write file:Fruit.bin use time:0,data size:0
 [INFO ] 2013-04-27 12:03:40.360 [main][] cn.vanchee.util.DataUtil@(DataUtil.java:50):write file:User.bin use time:6,data size:1
 [INFO ] 2013-04-27 12:03:40.362 [main][] cn.vanchee.util.DataUtil@(DataUtil.java:50):write file:OutDetail.bin use time:1,data size:0
 [INFO ] 2013-04-27 12:03:40.364 [main][] cn.vanchee.util.DataUtil@(DataUtil.java:50):write file:InDetail.bin use time:1,data size:0
 [INFO ] 2013-04-27 12:03:40.366 [main][] cn.vanchee.util.DataUtil@(DataUtil.java:50):write file:MyPaidDetail.bin use time:1,data size:0
 [INFO ] 2013-04-27 12:03:40.367 [main][] cn.vanchee.util.DataUtil@(DataUtil.java:50):write file:PaidDetail.bin use time:0,data size:0
 [INFO ] 2013-04-27 12:03:40.369 [main][] cn.vanchee.util.DataUtil@(DataUtil.java:50):write file:OutDetailBackup.bin use time:1,data size:0
 [INFO ] 2013-04-27 12:03:40.370 [main][] cn.vanchee.util.DataUtil@(DataUtil.java:50):write file:Consumption.bin use time:0,data size:0
 [INFO ] 2013-04-27 12:03:46.818 [AWT-EventQueue-0][] cn.vanchee.util.DataUtil@(DataUtil.java:81):read file:User.bin use time:36,data size:1
 [INFO ] 2013-04-27 12:04:02.196 [AWT-EventQueue-0][] cn.vanchee.service.UserService@(UserService.java:94):admin create User--[id:2,username:van]
 [INFO ] 2013-04-27 12:04:02.199 [pool-2-thread-1][] cn.vanchee.util.DataUtil@(DataUtil.java:50):write file:User.bin use time:3,data size:2
 [DEBUG] 2013-04-27 12:04:06.955 [AWT-EventQueue-0][] cn.vanchee.service.UserService@(UserService.java:118):admin update User--[id:2,username:van]
 [INFO ] 2013-04-27 12:04:06.957 [pool-3-thread-1][] cn.vanchee.util.DataUtil@(DataUtil.java:50):write file:User.bin use time:1,data size:2
 [INFO ] 2013-04-27 12:04:12.820 [AWT-EventQueue-0][] cn.vanchee.util.DataUtil@(DataUtil.java:81):read file:User.bin use time:6,data size:2
 [INFO ] 2013-04-27 12:04:15.019 [AWT-EventQueue-0][] cn.vanchee.util.DataUtil@(DataUtil.java:81):read file:Owner.bin use time:0,data size:0
 [INFO ] 2013-04-27 12:04:15.052 [AWT-EventQueue-0][] cn.vanchee.util.DataUtil@(DataUtil.java:81):read file:Fruit.bin use time:1,data size:0
 [INFO ] 2013-04-27 12:04:15.083 [AWT-EventQueue-0][] cn.vanchee.service.InDetailService@(InDetailService.java:37):start init in detail data
 [INFO ] 2013-04-27 12:04:15.084 [AWT-EventQueue-0][] cn.vanchee.util.DataUtil@(DataUtil.java:81):read file:InDetail.bin use time:1,data size:0
 [INFO ] 2013-04-27 12:04:15.084 [AWT-EventQueue-0][] cn.vanchee.service.InDetailService@(InDetailService.java:42):end init in detail data, use time:1ms,data size:0
 [INFO ] 2013-04-27 12:04:19.497 [pool-7-thread-1][] cn.vanchee.util.DataUtil@(DataUtil.java:50):write file:Fruit.bin use time:3,data size:1
 [INFO ] 2013-04-27 12:04:19.498 [pool-6-thread-1][] cn.vanchee.util.DataUtil@(DataUtil.java:50):write file:Owner.bin use time:5,data size:1
 [DEBUG] 2013-04-27 12:04:19.509 [AWT-EventQueue-0][] cn.vanchee.service.InDetailService@(InDetailService.java:59):van create in detail--[owner:A,fruit:B,price11.0,num:11,sale:0,color:-1,censored:0,uid:2]
 [INFO ] 2013-04-27 12:04:19.514 [pool-8-thread-1][] cn.vanchee.util.DataUtil@(DataUtil.java:50):write file:InDetail.bin use time:5,data size:1
 [INFO ] 2013-04-27 12:04:21.145 [AWT-EventQueue-0][] cn.vanchee.service.MyPaidService@(MyPaidService.java:32):start init my paid detail data
 [INFO ] 2013-04-27 12:04:21.147 [AWT-EventQueue-0][] cn.vanchee.util.DataUtil@(DataUtil.java:81):read file:MyPaidDetail.bin use time:1,data size:0
 [INFO ] 2013-04-27 12:04:21.147 [AWT-EventQueue-0][] cn.vanchee.service.MyPaidService@(MyPaidService.java:37):end init my paid detail data, use time:2ms,data size:0
 [INFO ] 2013-04-27 12:04:27.843 [AWT-EventQueue-0][] cn.vanchee.util.DataUtil@(DataUtil.java:81):read file:User.bin use time:7,data size:2
 [INFO ] 2013-04-27 12:04:28.861 [AWT-EventQueue-0][] cn.vanchee.util.DataUtil@(DataUtil.java:81):read file:Owner.bin use time:2,data size:1
 [INFO ] 2013-04-27 12:04:28.889 [AWT-EventQueue-0][] cn.vanchee.util.DataUtil@(DataUtil.java:81):read file:Fruit.bin use time:2,data size:1
 [INFO ] 2013-04-27 12:04:28.915 [AWT-EventQueue-0][] cn.vanchee.service.InDetailService@(InDetailService.java:37):start init in detail data
 [INFO ] 2013-04-27 12:04:28.917 [AWT-EventQueue-0][] cn.vanchee.util.DataUtil@(DataUtil.java:81):read file:InDetail.bin use time:2,data size:1
 [INFO ] 2013-04-27 12:04:28.918 [AWT-EventQueue-0][] cn.vanchee.service.InDetailService@(InDetailService.java:42):end init in detail data, use time:3ms,data size:1
 [INFO ] 2013-04-27 12:04:28.942 [AWT-EventQueue-0][] cn.vanchee.service.MyPaidService@(MyPaidService.java:32):start init my paid detail data
 [INFO ] 2013-04-27 12:04:28.943 [AWT-EventQueue-0][] cn.vanchee.util.DataUtil@(DataUtil.java:81):read file:MyPaidDetail.bin use time:0,data size:0
 [INFO ] 2013-04-27 12:04:28.944 [AWT-EventQueue-0][] cn.vanchee.service.MyPaidService@(MyPaidService.java:37):end init my paid detail data, use time:2ms,data size:0
 [INFO ] 2013-04-27 12:04:38.057 [AWT-EventQueue-0][] cn.vanchee.util.DataUtil@(DataUtil.java:81):read file:User.bin use time:7,data size:2
 [INFO ] 2013-04-27 12:04:51.124 [AWT-EventQueue-0][] cn.vanchee.service.UserService@(UserService.java:94):admin create User--[id:3,username:pig]
 [INFO ] 2013-04-27 12:04:51.127 [pool-2-thread-1][] cn.vanchee.util.DataUtil@(DataUtil.java:50):write file:User.bin use time:3,data size:3
 [DEBUG] 2013-04-27 12:05:18.187 [AWT-EventQueue-0][] cn.vanchee.service.UserService@(UserService.java:118):admin update User--[id:3,username:pig]
 [INFO ] 2013-04-27 12:05:18.188 [pool-3-thread-1][] cn.vanchee.util.DataUtil@(DataUtil.java:50):write file:User.bin use time:1,data size:3
 [INFO ] 2013-04-27 12:09:25.401 [AWT-EventQueue-0][] cn.vanchee.util.DataUtil@(DataUtil.java:81):read file:User.bin use time:7,data size:3
 [INFO ] 2013-04-27 12:09:26.475 [AWT-EventQueue-0][] cn.vanchee.util.DataUtil@(DataUtil.java:81):read file:Owner.bin use time:2,data size:1
 [INFO ] 2013-04-27 12:09:26.503 [AWT-EventQueue-0][] cn.vanchee.util.DataUtil@(DataUtil.java:81):read file:Fruit.bin use time:2,data size:1
 [INFO ] 2013-04-27 12:09:26.529 [AWT-EventQueue-0][] cn.vanchee.service.InDetailService@(InDetailService.java:37):start init in detail data
 [INFO ] 2013-04-27 12:09:26.531 [AWT-EventQueue-0][] cn.vanchee.util.DataUtil@(DataUtil.java:81):read file:InDetail.bin use time:2,data size:1
 [INFO ] 2013-04-27 12:09:26.531 [AWT-EventQueue-0][] cn.vanchee.service.InDetailService@(InDetailService.java:42):end init in detail data, use time:2ms,data size:1
 [DEBUG] 2013-04-27 12:09:31.621 [AWT-EventQueue-0][] cn.vanchee.service.InDetailService@(InDetailService.java:59):pig create in detail--[owner:111,fruit:11,price11.0,num:11,sale:0,color:-1,censored:0,uid:3]
 [INFO ] 2013-04-27 12:09:31.625 [pool-7-thread-1][] cn.vanchee.util.DataUtil@(DataUtil.java:50):write file:Fruit.bin use time:5,data size:2
 [INFO ] 2013-04-27 12:09:31.624 [pool-8-thread-1][] cn.vanchee.util.DataUtil@(DataUtil.java:50):write file:InDetail.bin use time:1,data size:2
 [INFO ] 2013-04-27 12:09:31.622 [pool-6-thread-1][] cn.vanchee.util.DataUtil@(DataUtil.java:50):write file:Owner.bin use time:4,data size:2
 [INFO ] 2013-04-27 12:09:37.813 [AWT-EventQueue-0][] cn.vanchee.util.DataUtil@(DataUtil.java:81):read file:User.bin use time:7,data size:3
 [INFO ] 2013-04-27 12:09:38.931 [AWT-EventQueue-0][] cn.vanchee.util.DataUtil@(DataUtil.java:81):read file:Owner.bin use time:2,data size:2
 [INFO ] 2013-04-27 12:09:38.958 [AWT-EventQueue-0][] cn.vanchee.util.DataUtil@(DataUtil.java:81):read file:Fruit.bin use time:2,data size:2
 [INFO ] 2013-04-27 12:09:38.989 [AWT-EventQueue-0][] cn.vanchee.service.InDetailService@(InDetailService.java:37):start init in detail data
 [INFO ] 2013-04-27 12:09:38.991 [AWT-EventQueue-0][] cn.vanchee.util.DataUtil@(DataUtil.java:81):read file:InDetail.bin use time:1,data size:2
 [INFO ] 2013-04-27 12:09:38.992 [AWT-EventQueue-0][] cn.vanchee.service.InDetailService@(InDetailService.java:42):end init in detail data, use time:3ms,data size:2
 [INFO ] 2013-04-27 12:09:39.017 [AWT-EventQueue-0][] cn.vanchee.service.MyPaidService@(MyPaidService.java:32):start init my paid detail data
 [INFO ] 2013-04-27 12:09:39.018 [AWT-EventQueue-0][] cn.vanchee.util.DataUtil@(DataUtil.java:81):read file:MyPaidDetail.bin use time:0,data size:0
 [INFO ] 2013-04-27 12:09:39.018 [AWT-EventQueue-0][] cn.vanchee.service.MyPaidService@(MyPaidService.java:37):end init my paid detail data, use time:1ms,data size:0
 [INFO ] 2013-04-27 12:09:47.061 [AWT-EventQueue-0][] cn.vanchee.util.DataUtil@(DataUtil.java:81):read file:User.bin use time:7,data size:3
 [INFO ] 2013-04-27 12:09:48.251 [AWT-EventQueue-0][] cn.vanchee.util.DataUtil@(DataUtil.java:81):read file:Owner.bin use time:2,data size:2
 [INFO ] 2013-04-27 12:09:48.271 [AWT-EventQueue-0][] cn.vanchee.util.DataUtil@(DataUtil.java:81):read file:Fruit.bin use time:3,data size:2
 [INFO ] 2013-04-27 12:09:48.294 [AWT-EventQueue-0][] cn.vanchee.service.InDetailService@(InDetailService.java:37):start init in detail data
 [INFO ] 2013-04-27 12:09:48.296 [AWT-EventQueue-0][] cn.vanchee.util.DataUtil@(DataUtil.java:81):read file:InDetail.bin use time:1,data size:2
 [INFO ] 2013-04-27 12:09:48.297 [AWT-EventQueue-0][] cn.vanchee.service.InDetailService@(InDetailService.java:42):end init in detail data, use time:3ms,data size:2
 [INFO ] 2013-04-27 12:09:48.320 [AWT-EventQueue-0][] cn.vanchee.service.MyPaidService@(MyPaidService.java:32):start init my paid detail data
 [INFO ] 2013-04-27 12:09:48.321 [AWT-EventQueue-0][] cn.vanchee.util.DataUtil@(DataUtil.java:81):read file:MyPaidDetail.bin use time:1,data size:0
 [INFO ] 2013-04-27 12:09:48.321 [AWT-EventQueue-0][] cn.vanchee.service.MyPaidService@(MyPaidService.java:37):end init my paid detail data, use time:1ms,data size:0
 [INFO ] 2013-04-27 12:20:23.029 [AWT-EventQueue-0][] cn.vanchee.util.DataUtil@(DataUtil.java:81):read file:User.bin use time:7,data size:3
 [DEBUG] 2013-04-27 12:20:31.254 [AWT-EventQueue-0][] cn.vanchee.service.UserService@(UserService.java:118):admin update User--[id:2,username:van]
 [INFO ] 2013-04-27 12:20:31.257 [pool-2-thread-1][] cn.vanchee.util.DataUtil@(DataUtil.java:50):write file:User.bin use time:3,data size:3
 [INFO ] 2013-04-27 12:20:38.667 [AWT-EventQueue-0][] cn.vanchee.util.DataUtil@(DataUtil.java:81):read file:User.bin use time:6,data size:3
 [INFO ] 2013-04-27 12:20:44.147 [AWT-EventQueue-0][] cn.vanchee.util.DataUtil@(DataUtil.java:81):read file:User.bin use time:6,data size:3
 [DEBUG] 2013-04-27 12:20:48.431 [AWT-EventQueue-0][] cn.vanchee.service.ConsumptionService@(ConsumptionService.java:39):start init consumption data
 [INFO ] 2013-04-27 12:20:48.432 [AWT-EventQueue-0][] cn.vanchee.util.DataUtil@(DataUtil.java:81):read file:Consumption.bin use time:0,data size:0
 [DEBUG] 2013-04-27 12:20:48.432 [AWT-EventQueue-0][] cn.vanchee.service.ConsumptionService@(ConsumptionService.java:49):end init consumption data, use time:1ms,data size:0
 [DEBUG] 2013-04-27 12:20:51.502 [AWT-EventQueue-0][] cn.vanchee.service.ConsumptionService@(ConsumptionService.java:64):van create consumption--money:11.0,desc:111,color:-1,censored:0,uid:2
 [INFO ] 2013-04-27 12:20:51.513 [pool-2-thread-1][] cn.vanchee.util.DataUtil@(DataUtil.java:50):write file:Consumption.bin use time:10,data size:1
 [INFO ] 2013-04-27 12:21:03.103 [AWT-EventQueue-0][] cn.vanchee.util.DataUtil@(DataUtil.java:81):read file:User.bin use time:6,data size:3
 [DEBUG] 2013-04-27 12:21:06.496 [AWT-EventQueue-0][] cn.vanchee.service.ConsumptionService@(ConsumptionService.java:39):start init consumption data
 [INFO ] 2013-04-27 12:21:06.499 [AWT-EventQueue-0][] cn.vanchee.util.DataUtil@(DataUtil.java:81):read file:Consumption.bin use time:2,data size:1
 [INFO ] 2013-04-27 12:21:47.391 [AWT-EventQueue-0][] cn.vanchee.util.DataUtil@(DataUtil.java:81):read file:User.bin use time:7,data size:3
 [DEBUG] 2013-04-27 12:21:50.526 [AWT-EventQueue-0][] cn.vanchee.service.ConsumptionService@(ConsumptionService.java:39):start init consumption data
 [INFO ] 2013-04-27 12:21:50.528 [AWT-EventQueue-0][] cn.vanchee.util.DataUtil@(DataUtil.java:81):read file:Consumption.bin use time:2,data size:1
 [DEBUG] 2013-04-27 12:21:50.529 [AWT-EventQueue-0][] cn.vanchee.service.ConsumptionService@(ConsumptionService.java:49):end init consumption data, use time:3ms,data size:1
 [INFO ] 2013-04-27 17:10:28.796 [AWT-EventQueue-0][] cn.vanchee.util.DataUtil@(DataUtil.java:81):read file:User.bin use time:48,data size:3
 [INFO ] 2013-04-27 17:10:30.426 [AWT-EventQueue-0][] cn.vanchee.util.DataUtil@(DataUtil.java:81):read file:Owner.bin use time:31,data size:2
 [INFO ] 2013-04-27 17:10:30.511 [AWT-EventQueue-0][] cn.vanchee.util.DataUtil@(DataUtil.java:81):read file:Fruit.bin use time:15,data size:2
 [DEBUG] 2013-04-27 17:10:30.673 [AWT-EventQueue-0][] cn.vanchee.service.InDetailService@(InDetailService.java:37):start init in detail data
 [INFO ] 2013-04-27 17:10:30.676 [AWT-EventQueue-0][] cn.vanchee.util.DataUtil@(DataUtil.java:81):read file:InDetail.bin use time:3,data size:2
 [DEBUG] 2013-04-27 17:10:30.677 [AWT-EventQueue-0][] cn.vanchee.service.InDetailService@(InDetailService.java:49):end init in detail data, use time:4ms,data size:2
 [DEBUG] 2013-04-27 17:10:30.765 [AWT-EventQueue-0][] cn.vanchee.service.MyPaidService@(MyPaidService.java:35):start init my paid detail data
 [INFO ] 2013-04-27 17:10:30.766 [AWT-EventQueue-0][] cn.vanchee.util.DataUtil@(DataUtil.java:81):read file:MyPaidDetail.bin use time:0,data size:0
 [DEBUG] 2013-04-27 17:10:30.766 [AWT-EventQueue-0][] cn.vanchee.service.MyPaidService@(MyPaidService.java:45):end init my paid detail data, use time:1ms,data size:0
 [ERROR] 2013-04-27 17:10:32.885 [AWT-EventQueue-0][] cn.vanchee.util.ExcelUtils@(ExcelUtils.java:335):F:\workspace\MyRepository.git\trunk\FruitJXC\report\进货_2013-04-27 17_10_32.xls (系统找不到指定的路径。)
 [ERROR] 2013-04-27 17:10:32.885 [AWT-EventQueue-0][] cn.vanchee.util.ExcelUtils@(ExcelUtils.java:341):
 [INFO ] 2013-04-27 17:14:07.094 [AWT-EventQueue-0][] cn.vanchee.util.DataUtil@(DataUtil.java:81):read file:Consumer.bin use time:1,data size:0
 [DEBUG] 2013-04-27 17:14:23.565 [AWT-EventQueue-0][] cn.vanchee.service.OutDetailService@(OutDetailService.java:36):start init out detail data
 [INFO ] 2013-04-27 17:14:23.566 [AWT-EventQueue-0][] cn.vanchee.util.DataUtil@(DataUtil.java:81):read file:OutDetail.bin use time:1,data size:0
 [DEBUG] 2013-04-27 17:14:23.566 [AWT-EventQueue-0][] cn.vanchee.service.OutDetailService@(OutDetailService.java:49):end init out detail data, use time:1ms,data size:0
 [DEBUG] 2013-04-27 17:14:32.438 [AWT-EventQueue-0][] cn.vanchee.service.InDetailService@(InDetailService.java:110):admin update in detail--[owner:A,fruit:B,price11.0,num:11,sale:11,color:-1,censored:1,uid:2] to in detail--[owner:A,fruit:B,price11.0,num:11,sale:11,color:-1,censored:1,uid:2]
 [INFO ] 2013-04-27 17:14:32.440 [AWT-EventQueue-0][] cn.vanchee.service.OutDetailService@(OutDetailService.java:76):admin create out detail--[iid:1owner:A,consumer:ss,fruit:B,price:11.0,num:11,color:-154,censored:1,uid:1]
 [INFO ] 2013-04-27 17:14:32.441 [pool-13-thread-1][] cn.vanchee.util.DataUtil@(DataUtil.java:50):write file:Consumer.bin use time:4,data size:1
 [INFO ] 2013-04-27 17:14:32.450 [pool-15-thread-1][] cn.vanchee.util.DataUtil@(DataUtil.java:50):write file:OutDetail.bin use time:6,data size:1
 [INFO ] 2013-04-27 17:14:32.450 [pool-14-thread-1][] cn.vanchee.util.DataUtil@(DataUtil.java:50):write file:InDetail.bin use time:5,data size:2
 [DEBUG] 2013-04-27 17:14:46.002 [AWT-EventQueue-0][] cn.vanchee.service.InDetailService@(InDetailService.java:110):admin update in detail--[owner:111,fruit:11,price11.0,num:11,sale:11,color:-1,censored:1,uid:3] to in detail--[owner:111,fruit:11,price11.0,num:11,sale:11,color:-1,censored:1,uid:3]
 [INFO ] 2013-04-27 17:14:46.003 [AWT-EventQueue-0][] cn.vanchee.service.OutDetailService@(OutDetailService.java:76):admin create out detail--[iid:2owner:111,consumer:12,fruit:11,price:12.0,num:11,color:-1,censored:1,uid:1]
 [INFO ] 2013-04-27 17:14:46.003 [pool-19-thread-1][] cn.vanchee.util.DataUtil@(DataUtil.java:50):write file:Consumer.bin use time:1,data size:2
 [INFO ] 2013-04-27 17:14:46.006 [pool-21-thread-1][] cn.vanchee.util.DataUtil@(DataUtil.java:50):write file:OutDetail.bin use time:1,data size:2
 [INFO ] 2013-04-27 17:14:46.007 [pool-20-thread-1][] cn.vanchee.util.DataUtil@(DataUtil.java:50):write file:InDetail.bin use time:1,data size:2
 [INFO ] 2013-04-27 17:14:48.728 [AWT-EventQueue-0][] cn.vanchee.service.PaidDetailService@(PaidDetailService.java:39):start init paid detail data
 [INFO ] 2013-04-27 17:14:48.729 [AWT-EventQueue-0][] cn.vanchee.util.DataUtil@(DataUtil.java:81):read file:PaidDetail.bin use time:0,data size:0
 [INFO ] 2013-04-27 17:14:48.729 [AWT-EventQueue-0][] cn.vanchee.service.PaidDetailService@(PaidDetailService.java:49):end init paid detail data, use time:1ms,data size:0
 [INFO ] 2013-04-27 17:16:10.412 [pool-27-thread-1][] cn.vanchee.util.DataUtil@(DataUtil.java:50):write file:Owner.bin use time:3,data size:3
 [DEBUG] 2013-04-27 17:16:10.421 [AWT-EventQueue-0][] cn.vanchee.service.InDetailService@(InDetailService.java:66):admin create in detail--[owner:123,fruit:123,price123.0,num:123,sale:0,color:-1,censored:1,uid:1]
 [INFO ] 2013-04-27 17:16:10.424 [pool-28-thread-1][] cn.vanchee.util.DataUtil@(DataUtil.java:50):write file:Fruit.bin use time:3,data size:3
 [INFO ] 2013-04-27 17:16:10.427 [pool-29-thread-1][] cn.vanchee.util.DataUtil@(DataUtil.java:50):write file:InDetail.bin use time:1,data size:3
 [INFO ] 2013-04-27 17:20:52.994 [AWT-EventQueue-0][] cn.vanchee.util.DataUtil@(DataUtil.java:81):read file:User.bin use time:6,data size:3
 [INFO ] 2013-04-27 17:20:54.298 [AWT-EventQueue-0][] cn.vanchee.util.DataUtil@(DataUtil.java:81):read file:Owner.bin use time:2,data size:3
 [INFO ] 2013-04-27 17:20:54.318 [AWT-EventQueue-0][] cn.vanchee.util.DataUtil@(DataUtil.java:81):read file:Fruit.bin use time:2,data size:3
 [DEBUG] 2013-04-27 17:20:54.350 [AWT-EventQueue-0][] cn.vanchee.service.InDetailService@(InDetailService.java:37):start init in detail data
 [INFO ] 2013-04-27 17:20:54.352 [AWT-EventQueue-0][] cn.vanchee.util.DataUtil@(DataUtil.java:81):read file:InDetail.bin use time:2,data size:3
 [DEBUG] 2013-04-27 17:20:54.352 [AWT-EventQueue-0][] cn.vanchee.service.InDetailService@(InDetailService.java:49):end init in detail data, use time:2ms,data size:3
 [DEBUG] 2013-04-27 17:20:54.382 [AWT-EventQueue-0][] cn.vanchee.service.MyPaidService@(MyPaidService.java:35):start init my paid detail data
 [INFO ] 2013-04-27 17:20:54.382 [AWT-EventQueue-0][] cn.vanchee.util.DataUtil@(DataUtil.java:81):read file:MyPaidDetail.bin use time:0,data size:0
 [DEBUG] 2013-04-27 17:20:54.383 [AWT-EventQueue-0][] cn.vanchee.service.MyPaidService@(MyPaidService.java:45):end init my paid detail data, use time:1ms,data size:0
 [INFO ] 2013-04-27 17:21:00.466 [AWT-EventQueue-0][] cn.vanchee.util.DataUtil@(DataUtil.java:81):read file:Consumer.bin use time:2,data size:2
 [DEBUG] 2013-04-27 17:21:00.489 [AWT-EventQueue-0][] cn.vanchee.service.OutDetailService@(OutDetailService.java:36):start init out detail data
 [INFO ] 2013-04-27 17:21:00.492 [AWT-EventQueue-0][] cn.vanchee.util.DataUtil@(DataUtil.java:81):read file:OutDetail.bin use time:1,data size:2
 [DEBUG] 2013-04-27 17:21:00.492 [AWT-EventQueue-0][] cn.vanchee.service.OutDetailService@(OutDetailService.java:49):end init out detail data, use time:3ms,data size:2
 [INFO ] 2013-04-27 17:21:00.511 [AWT-EventQueue-0][] cn.vanchee.service.PaidDetailService@(PaidDetailService.java:39):start init paid detail data
 [INFO ] 2013-04-27 17:21:00.511 [AWT-EventQueue-0][] cn.vanchee.util.DataUtil@(DataUtil.java:81):read file:PaidDetail.bin use time:0,data size:0
 [INFO ] 2013-04-27 17:21:00.512 [AWT-EventQueue-0][] cn.vanchee.service.PaidDetailService@(PaidDetailService.java:49):end init paid detail data, use time:1ms,data size:0
 